<?xml version="1.0" encoding="UTF-8"?>
<!-- Generated by org.testng.reporters.JUnitReportReporter -->
<testsuite hostname="DESKTOP-NKQ7MKH" failures="0" tests="2" name="TestNG_Suite.Ex_3_Sample3" time="0.039" errors="0" timestamp="2023-11-28T16:00:33 IST" skipped="0">
  <testcase classname="TestNG_Suite.Ex_3_Sample3" name="TC7" time="0.036">
    <system-out>
      <![CDATA[Running TC7]]>
    </system-out>
  </testcase> <!-- TC7 -->
  <testcase classname="TestNG_Suite.Ex_3_Sample3" name="TC9" time="0.003">
    <system-out>
      <![CDATA[Running TC9]]>
    </system-out>
  </testcase> <!-- TC9 -->
  <system-out>
    <![CDATA[Running TC4
Running TC5
Running TC7
Running TC9
Running TC3]]>
  </system-out>
</testsuite> <!-- TestNG_Suite.Ex_3_Sample3 -->
