<?xml version="1.0" encoding="UTF-8"?>
<!-- Generated by org.testng.reporters.JUnitReportReporter -->
<testsuite hostname="DESKTOP-NKQ7MKH" failures="0" tests="4" name="TestNG_Keywords.Ex_3_priorityDefault0" time="0.047" errors="0" timestamp="2023-11-28T15:51:02 IST" skipped="0">
  <testcase classname="TestNG_Keywords.Ex_3_priorityDefault0" name="test3" time="0.015">
    <system-out>
      <![CDATA[Running test3]]>
    </system-out>
  </testcase> <!-- test3 -->
  <testcase classname="TestNG_Keywords.Ex_3_priorityDefault0" name="test2" time="0.006">
    <system-out>
      <![CDATA[Running test2]]>
    </system-out>
  </testcase> <!-- test2 -->
  <testcase classname="TestNG_Keywords.Ex_3_priorityDefault0" name="test4" time="0.006">
    <system-out>
      <![CDATA[Running test4]]>
    </system-out>
  </testcase> <!-- test4 -->
  <testcase classname="TestNG_Keywords.Ex_3_priorityDefault0" name="test1" time="0.020">
    <system-out>
      <![CDATA[Running test1]]>
    </system-out>
  </testcase> <!-- test1 -->
  <system-out>
    <![CDATA[Running test1
Running test2
Running test3
Running test4]]>
  </system-out>
</testsuite> <!-- TestNG_Keywords.Ex_3_priorityDefault0 -->
