<?xml version="1.0" encoding="UTF-8"?>
<!-- Generated by org.testng.reporters.JUnitReportReporter -->
<testsuite hostname="DESKTOP-NKQ7MKH" failures="0" tests="1" name="TestNG.Ex_6_TestNG_Annotations" time="0.652" errors="0" timestamp="2023-11-06T12:55:04 IST" skipped="0">
  <testcase classname="TestNG.Ex_6_TestNG_Annotations" name="verifyHomePageTitle" time="0.652">
    <system-out>
      <![CDATA[Title is correct]]>
    </system-out>
  </testcase> <!-- verifyHomePageTitle -->
  <system-out>
    <![CDATA[Title is correct]]>
  </system-out>
</testsuite> <!-- TestNG.Ex_6_TestNG_Annotations -->
