<?xml version="1.0" encoding="UTF-8"?>
<!-- Generated by org.testng.reporters.JUnitReportReporter -->
<testsuite hostname="DESKTOP-NKQ7MKH" failures="0" tests="3" name="TestNG.Ex_3_TestNG_Emailable_Report" time="0.025" errors="0" timestamp="2023-11-06T11:09:38 IST" skipped="0">
  <testcase classname="TestNG.Ex_3_TestNG_Emailable_Report" name="TC1" time="0.019"/>
  <testcase classname="TestNG.Ex_3_TestNG_Emailable_Report" name="TC2" time="0.002"/>
  <testcase classname="TestNG.Ex_3_TestNG_Emailable_Report" name="TC3" time="0.004"/>
</testsuite> <!-- TestNG.Ex_3_TestNG_Emailable_Report -->
