<?xml version="1.0" encoding="UTF-8"?>
<!-- Generated by org.testng.reporters.JUnitReportReporter -->
<testsuite hostname="DESKTOP-NKQ7MKH" failures="0" tests="4" name="TestNG_Keywords.Ex_5_priorityNegative" time="0.048" errors="0" timestamp="2023-11-17T10:40:52 IST" skipped="0">
  <testcase classname="TestNG_Keywords.Ex_5_priorityNegative" name="test4" time="0.030">
    <system-out>
      <![CDATA[Running test4]]>
    </system-out>
  </testcase> <!-- test4 -->
  <testcase classname="TestNG_Keywords.Ex_5_priorityNegative" name="test1" time="0.004">
    <system-out>
      <![CDATA[Running test1]]>
    </system-out>
  </testcase> <!-- test1 -->
  <testcase classname="TestNG_Keywords.Ex_5_priorityNegative" name="test2" time="0.009">
    <system-out>
      <![CDATA[Running test2]]>
    </system-out>
  </testcase> <!-- test2 -->
  <testcase classname="TestNG_Keywords.Ex_5_priorityNegative" name="test3" time="0.005">
    <system-out>
      <![CDATA[Running test3]]>
    </system-out>
  </testcase> <!-- test3 -->
  <system-out>
    <![CDATA[Running test4
Running test1
Running test2
Running test3]]>
  </system-out>
</testsuite> <!-- TestNG_Keywords.Ex_5_priorityNegative -->
