<?xml version="1.0" encoding="UTF-8"?>
<!-- Generated by org.testng.reporters.JUnitReportReporter -->
<testsuite hostname="DESKTOP-NKQ7MKH" failures="0" tests="1" name="TestNG.TestNG_HeadLess_Chrome_Browser" time="47.786" errors="0" timestamp="2023-11-28T15:41:44 IST" skipped="0">
  <testcase classname="TestNG.TestNG_HeadLess_Chrome_Browser" name="verifyTitle" time="47.786"/>
</testsuite> <!-- TestNG.TestNG_HeadLess_Chrome_Browser -->
