<?xml version="1.0" encoding="UTF-8"?>
<!-- Generated by org.testng.reporters.JUnitReportReporter -->
<testsuite hostname="DESKTOP-NKQ7MKH" failures="0" tests="1" name="TestNG_Asserts.Ex_1_TestNG_AssertEquals" time="0.025" errors="0" timestamp="2023-11-08T12:07:51 IST" skipped="0">
  <testcase classname="TestNG_Asserts.Ex_1_TestNG_AssertEquals" name="TC1" time="0.025"/>
</testsuite> <!-- TestNG_Asserts.Ex_1_TestNG_AssertEquals -->
