<?xml version="1.0" encoding="UTF-8"?>
<!-- Generated by org.testng.reporters.JUnitReportReporter -->
<testsuite hostname="DESKTOP-NKQ7MKH" failures="0" tests="3" name="TestNG_Keywords.Ex_9_dependsOnMethods" time="0.049" errors="0" timestamp="2023-11-28T15:57:36 IST" skipped="0">
  <testcase classname="TestNG_Keywords.Ex_9_dependsOnMethods" name="logIn1" time="0.031">
    <system-out>
      <![CDATA[Login1 successful]]>
    </system-out>
  </testcase> <!-- logIn1 -->
  <testcase classname="TestNG_Keywords.Ex_9_dependsOnMethods" name="logIn2" time="0.005">
    <system-out>
      <![CDATA[Login2 successful]]>
    </system-out>
  </testcase> <!-- logIn2 -->
  <testcase classname="TestNG_Keywords.Ex_9_dependsOnMethods" name="logOut" time="0.013">
    <system-out>
      <![CDATA[Logout successful]]>
    </system-out>
  </testcase> <!-- logOut -->
  <system-out>
    <![CDATA[Login1 successful
Login2 successful
Logout successful]]>
  </system-out>
</testsuite> <!-- TestNG_Keywords.Ex_9_dependsOnMethods -->
