<?xml version="1.0" encoding="UTF-8"?>
<!-- Generated by org.testng.reporters.JUnitReportReporter -->
<testsuite hostname="DESKTOP-NKQ7MKH" failures="0" tests="2" name="TestNG_Annotations.Ex_7_TestNG_Annotations" time="0.204" errors="0" timestamp="2023-11-28T15:45:26 IST" skipped="0">
  <testcase classname="TestNG_Annotations.Ex_7_TestNG_Annotations" name="test2" time="0.179">
    <system-out>
      <![CDATA[Test Case 2]]>
    </system-out>
  </testcase> <!-- test2 -->
  <testcase classname="TestNG_Annotations.Ex_7_TestNG_Annotations" name="test1" time="0.025">
    <system-out>
      <![CDATA[Test Case 1]]>
    </system-out>
  </testcase> <!-- test1 -->
  <system-out>
    <![CDATA[Before Suite
Before test
Before class
Before method
Test Case 1
After method
Before method
Test Case 2
After method
After class
After test
After Suite]]>
  </system-out>
</testsuite> <!-- TestNG_Annotations.Ex_7_TestNG_Annotations -->
