<?xml version="1.0" encoding="UTF-8"?>
<!-- Generated by org.testng.reporters.JUnitReportReporter -->
<testsuite hostname="DESKTOP-NKQ7MKH" failures="0" tests="9" name="TestNG_Keywords.Ex_1_invocationCount" time="0.081" errors="0" timestamp="2023-11-17T10:38:29 IST" skipped="0">
  <testcase classname="TestNG_Keywords.Ex_1_invocationCount" name="TC2" time="0.004">
    <system-out>
      <![CDATA[Running TC2]]>
    </system-out>
  </testcase> <!-- TC2 -->
  <testcase classname="TestNG_Keywords.Ex_1_invocationCount" name="TC3" time="0.013">
    <system-out>
      <![CDATA[Running TC3]]>
    </system-out>
  </testcase> <!-- TC3 -->
  <testcase classname="TestNG_Keywords.Ex_1_invocationCount" name="TC2" time="0.012">
    <system-out>
      <![CDATA[Running TC2]]>
    </system-out>
  </testcase> <!-- TC2 -->
  <testcase classname="TestNG_Keywords.Ex_1_invocationCount" name="TC3" time="0.005">
    <system-out>
      <![CDATA[Running TC3]]>
    </system-out>
  </testcase> <!-- TC3 -->
  <testcase classname="TestNG_Keywords.Ex_1_invocationCount" name="TC2" time="0.004">
    <system-out>
      <![CDATA[Running TC2]]>
    </system-out>
  </testcase> <!-- TC2 -->
  <testcase classname="TestNG_Keywords.Ex_1_invocationCount" name="TC3" time="0.003">
    <system-out>
      <![CDATA[Running TC3]]>
    </system-out>
  </testcase> <!-- TC3 -->
  <testcase classname="TestNG_Keywords.Ex_1_invocationCount" name="TC1" time="0.013">
    <system-out>
      <![CDATA[Running TC1]]>
    </system-out>
  </testcase> <!-- TC1 -->
  <testcase classname="TestNG_Keywords.Ex_1_invocationCount" name="TC3" time="0.005">
    <system-out>
      <![CDATA[Running TC3]]>
    </system-out>
  </testcase> <!-- TC3 -->
  <testcase classname="TestNG_Keywords.Ex_1_invocationCount" name="TC1" time="0.022">
    <system-out>
      <![CDATA[Running TC1]]>
    </system-out>
  </testcase> <!-- TC1 -->
  <system-out>
    <![CDATA[Running TC1
Running TC1
Running TC2
Running TC2
Running TC2
Running TC3
Running TC3
Running TC3
Running TC3]]>
  </system-out>
</testsuite> <!-- TestNG_Keywords.Ex_1_invocationCount -->
