<?xml version="1.0" encoding="UTF-8"?>
<!-- Generated by org.testng.reporters.JUnitReportReporter -->
<testsuite hostname="DESKTOP-NKQ7MKH" failures="0" tests="2" name="TestNG.Ex_5_TestNG_Annotations" time="0.023" errors="0" timestamp="2023-11-06T12:15:36 IST" skipped="0">
  <testcase classname="TestNG.Ex_5_TestNG_Annotations" name="verifyTitle2" time="0.005">
    <system-out>
      <![CDATA[---Verifying title2 TC---]]>
    </system-out>
  </testcase> <!-- verifyTitle2 -->
  <testcase classname="TestNG.Ex_5_TestNG_Annotations" name="verifyTitle1" time="0.018">
    <system-out>
      <![CDATA[---Verifying title1 TC---]]>
    </system-out>
  </testcase> <!-- verifyTitle1 -->
  <system-out>
    <![CDATA[---open browser---
---login to app---
---Verifying title1 TC---
---logout from app---
---login to app---
---Verifying title2 TC---
---logout from app---
---close browser---]]>
  </system-out>
</testsuite> <!-- TestNG.Ex_5_TestNG_Annotations -->
