<?xml version="1.0" encoding="UTF-8"?>
<!-- Generated by org.testng.reporters.JUnitReportReporter -->
<testsuite hostname="DESKTOP-NKQ7MKH" failures="0" tests="4" name="TestNG.Ex_4_TestNG_Emailable_Report" time="0.037" errors="0" timestamp="2023-11-06T11:10:42 IST" skipped="0">
  <testcase classname="TestNG.Ex_4_TestNG_Emailable_Report" name="TC3" time="0.007">
    <system-out>
      <![CDATA[Running TC3]]>
    </system-out>
  </testcase> <!-- TC3 -->
  <testcase classname="TestNG.Ex_4_TestNG_Emailable_Report" name="TC2" time="0.004">
    <system-out>
      <![CDATA[Running TC2]]>
    </system-out>
  </testcase> <!-- TC2 -->
  <testcase classname="TestNG.Ex_4_TestNG_Emailable_Report" name="TC4" time="0.002">
    <system-out>
      <![CDATA[Running TC4]]>
    </system-out>
  </testcase> <!-- TC4 -->
  <testcase classname="TestNG.Ex_4_TestNG_Emailable_Report" name="TC1" time="0.024">
    <system-out>
      <![CDATA[Running TC1]]>
    </system-out>
  </testcase> <!-- TC1 -->
  <system-out>
    <![CDATA[Running TC1
Running TC2
Running TC3
Running TC4]]>
  </system-out>
</testsuite> <!-- TestNG.Ex_4_TestNG_Emailable_Report -->
