<?xml version="1.0" encoding="UTF-8"?>
<!-- Generated by org.testng.reporters.JUnitReportReporter -->
<testsuite hostname="DESKTOP-NKQ7MKH" failures="0" tests="2" name="TestNG_Keywords.Ex_8_dependsOnMethods" time="0.030" errors="0" timestamp="2023-11-17T10:42:46 IST" skipped="0">
  <testcase classname="TestNG_Keywords.Ex_8_dependsOnMethods" name="logIn" time="0.024">
    <system-out>
      <![CDATA[Login successful]]>
    </system-out>
  </testcase> <!-- logIn -->
  <testcase classname="TestNG_Keywords.Ex_8_dependsOnMethods" name="logOut" time="0.006">
    <system-out>
      <![CDATA[Logout successful]]>
    </system-out>
  </testcase> <!-- logOut -->
  <system-out>
    <![CDATA[Login successful
Logout successful]]>
  </system-out>
</testsuite> <!-- TestNG_Keywords.Ex_8_dependsOnMethods -->
