<?xml version="1.0" encoding="UTF-8"?>
<!-- Generated by org.testng.reporters.JUnitReportReporter -->
<testsuite hostname="DESKTOP-NKQ7MKH" failures="0" tests="3" name="TestNG_Groups.Ex_1_groups1" time="0.040" errors="0" timestamp="2023-11-17T10:36:19 IST" skipped="0">
  <testcase classname="TestNG_Groups.Ex_1_groups1" name="TC1" time="0.024">
    <system-out>
      <![CDATA[Running TC1]]>
    </system-out>
  </testcase> <!-- TC1 -->
  <testcase classname="TestNG_Groups.Ex_1_groups1" name="TC3" time="0.012">
    <system-out>
      <![CDATA[Running TC3]]>
    </system-out>
  </testcase> <!-- TC3 -->
  <testcase classname="TestNG_Groups.Ex_1_groups1" name="TC2" time="0.004">
    <system-out>
      <![CDATA[Running TC2]]>
    </system-out>
  </testcase> <!-- TC2 -->
  <system-out>
    <![CDATA[Running TC1
Running TC2
Running TC3
Running TC6
Running TC8]]>
  </system-out>
</testsuite> <!-- TestNG_Groups.Ex_1_groups1 -->
