<?xml version="1.0" encoding="UTF-8"?>
<!-- Generated by org.testng.reporters.JUnitReportReporter -->
<testsuite hostname="DESKTOP-NKQ7MKH" failures="0" tests="1" name="TestNG_Suite.Ex_1_Sample1" time="0.008" errors="0" timestamp="2023-11-16T20:39:59 IST" skipped="0">
  <testcase classname="TestNG_Suite.Ex_1_Sample1" name="TC3" time="0.008">
    <system-out>
      <![CDATA[Running TC3]]>
    </system-out>
  </testcase> <!-- TC3 -->
  <system-out>
    <![CDATA[Running TC4
Running TC5
Running TC7
Running TC9
Running TC3]]>
  </system-out>
</testsuite> <!-- TestNG_Suite.Ex_1_Sample1 -->
