<?xml version="1.0" encoding="UTF-8"?>
<!-- Generated by org.testng.reporters.JUnitReportReporter -->
<testsuite hostname="DESKTOP-NKQ7MKH" failures="0" tests="1" name="TestNG.Ex_2_TestNG_TestClass" time="63.342" errors="0" timestamp="2023-11-03T10:41:55 IST" skipped="0">
  <testcase classname="TestNG.Ex_2_TestNG_TestClass" name="TC1" time="63.342"/>
</testsuite> <!-- TestNG.Ex_2_TestNG_TestClass -->
