<?xml version="1.0" encoding="UTF-8"?>
<!-- Generated by org.testng.reporters.JUnitReportReporter -->
<testsuite hostname="DESKTOP-NKQ7MKH" failures="0" tests="3" name="TestNG_Keywords.Ex_2_enabled" time="0.038" errors="0" timestamp="2023-11-28T15:50:00 IST" skipped="1">
  <testcase classname="TestNG_Keywords.Ex_2_enabled" name="testCase2" time="0.005">
    <system-out>
      <![CDATA[Executing test2]]>
    </system-out>
  </testcase> <!-- testCase2 -->
  <testcase classname="TestNG_Keywords.Ex_2_enabled" name="testCase1" time="0.033">
    <system-out>
      <![CDATA[Executing test1]]>
    </system-out>
  </testcase> <!-- testCase1 -->
  <testcase classname="TestNG_Keywords.Ex_2_enabled" name="testCase3">
    <skipped/>
  </testcase> <!-- testCase3 -->
  <system-out>
    <![CDATA[Executing test1
Executing test2]]>
  </system-out>
</testsuite> <!-- TestNG_Keywords.Ex_2_enabled -->
