<?xml version="1.0" encoding="UTF-8"?>
<!-- Generated by org.testng.reporters.JUnitReportReporter -->
<testsuite hostname="DESKTOP-NKQ7MKH" failures="0" tests="4" name="TestNG_Keywords.Ex_3_priorityPositive" time="0.027" errors="0" timestamp="2023-11-07T10:30:07 IST" skipped="0">
  <testcase classname="TestNG_Keywords.Ex_3_priorityPositive" name="test3" time="0.016">
    <system-out>
      <![CDATA[Running test3]]>
    </system-out>
  </testcase> <!-- test3 -->
  <testcase classname="TestNG_Keywords.Ex_3_priorityPositive" name="test4" time="0.004">
    <system-out>
      <![CDATA[Running test4]]>
    </system-out>
  </testcase> <!-- test4 -->
  <testcase classname="TestNG_Keywords.Ex_3_priorityPositive" name="test1" time="0.004">
    <system-out>
      <![CDATA[Running test1]]>
    </system-out>
  </testcase> <!-- test1 -->
  <testcase classname="TestNG_Keywords.Ex_3_priorityPositive" name="test2" time="0.003">
    <system-out>
      <![CDATA[Running test2]]>
    </system-out>
  </testcase> <!-- test2 -->
  <system-out>
    <![CDATA[Running test3
Running test4
Running test1
Running test2]]>
  </system-out>
</testsuite> <!-- TestNG_Keywords.Ex_3_priorityPositive -->
