<?xml version="1.0" encoding="UTF-8"?>
<!-- Generated by org.testng.reporters.JUnitReportReporter -->
<testsuite hostname="DESKTOP-NKQ7MKH" failures="0" tests="2" name="TestNG_Groups.Ex_2_groups2" time="0.007" errors="0" timestamp="2023-11-28T16:15:24 IST" skipped="0">
  <testcase classname="TestNG_Groups.Ex_2_groups2" name="TC8" time="0.002">
    <system-out>
      <![CDATA[Running TC8]]>
    </system-out>
  </testcase> <!-- TC8 -->
  <testcase classname="TestNG_Groups.Ex_2_groups2" name="TC6" time="0.005">
    <system-out>
      <![CDATA[Running TC6]]>
    </system-out>
  </testcase> <!-- TC6 -->
  <system-out>
    <![CDATA[Running TC1
Running TC2
Running TC3
Running TC6
Running TC8]]>
  </system-out>
</testsuite> <!-- TestNG_Groups.Ex_2_groups2 -->
