<?xml version="1.0" encoding="UTF-8"?>
<!-- Generated by org.testng.reporters.JUnitReportReporter -->
<testsuite hostname="DESKTOP-NKQ7MKH" failures="0" tests="2" name="TestNG_Suite.Ex_2_Sample2" time="0.051" errors="0" timestamp="2023-11-28T16:00:33 IST" skipped="0">
  <testcase classname="TestNG_Suite.Ex_2_Sample2" name="TC5" time="0.007">
    <system-out>
      <![CDATA[Running TC5]]>
    </system-out>
  </testcase> <!-- TC5 -->
  <testcase classname="TestNG_Suite.Ex_2_Sample2" name="TC4" time="0.044">
    <system-out>
      <![CDATA[Running TC4]]>
    </system-out>
  </testcase> <!-- TC4 -->
  <system-out>
    <![CDATA[Running TC4
Running TC5
Running TC7
Running TC9
Running TC3]]>
  </system-out>
</testsuite> <!-- TestNG_Suite.Ex_2_Sample2 -->
